<?xml version="1.0" encoding="UTF-8"?>
<!-- Generated by org.testng.reporters.JUnitReportReporter -->
<testsuite hostname="C6-LAB-092" failures="0" tests="1" name="test.Create_Customer" time="26.274" errors="0" timestamp="2023-07-31T10:54:23 IST" skipped="0">
  <testcase classname="test.Create_Customer" name="create__customner_" time="26.274"/>
  <system-out>
    <![CDATA[started execution 1st time]]>
  </system-out>
</testsuite> <!-- test.Create_Customer -->
