<?xml version="1.0" encoding="UTF-8"?>
<!-- Generated by org.testng.reporters.JUnitReportReporter -->
<testsuite hostname="C6-LAB-092" failures="0" tests="1" name="test.Actitime_login_logout" time="6.171" errors="0" timestamp="2023-08-03T09:44:51 IST" skipped="0">
  <testcase classname="test.Actitime_login_logout" name="login_logout" time="6.171"/>
  <system-out>
    <![CDATA[started execution 1st time]]>
  </system-out>
</testsuite> <!-- test.Actitime_login_logout -->
